  Main.cpp
c:\users\hp\desktop\sistemski\sistemski\main.cpp(10): warning C4067: unexpected tokens following preprocessor directive - expected a newline
c:\users\hp\desktop\sistemski\sistemski\symbol_table.h(6): warning C4067: unexpected tokens following preprocessor directive - expected a newline
c:\users\hp\desktop\sistemski\sistemski\for_table.h(3): warning C4067: unexpected tokens following preprocessor directive - expected a newline
c:\users\hp\desktop\sistemski\sistemski\for_table.h(4): warning C4067: unexpected tokens following preprocessor directive - expected a newline
c:\users\hp\desktop\sistemski\sistemski\main.cpp(11): warning C4067: unexpected tokens following preprocessor directive - expected a newline
c:\users\hp\desktop\sistemski\sistemski\main.cpp(12): warning C4067: unexpected tokens following preprocessor directive - expected a newline
c:\users\hp\desktop\sistemski\sistemski\reloc_table.h(3): warning C4067: unexpected tokens following preprocessor directive - expected a newline
c:\users\hp\desktop\sistemski\sistemski\reloc_table.h(4): warning C4067: unexpected tokens following preprocessor directive - expected a newline
c:\users\hp\desktop\sistemski\sistemski\main.cpp(13): warning C4067: unexpected tokens following preprocessor directive - expected a newline
c:\users\hp\desktop\sistemski\sistemski\equ_table.h(3): warning C4067: unexpected tokens following preprocessor directive - expected a newline
c:\users\hp\desktop\sistemski\sistemski\equ_table.h(4): warning C4067: unexpected tokens following preprocessor directive - expected a newline
c:\users\hp\desktop\sistemski\sistemski\main.cpp(30): warning C4018: '<': signed/unsigned mismatch
c:\users\hp\desktop\sistemski\sistemski\main.cpp(62): warning C4018: '<': signed/unsigned mismatch
c:\users\hp\desktop\sistemski\sistemski\main.cpp(262): warning C4018: '<': signed/unsigned mismatch
c:\users\hp\desktop\sistemski\sistemski\main.cpp(295): warning C4018: '<': signed/unsigned mismatch
c:\users\hp\desktop\sistemski\sistemski\main.cpp(527): warning C4018: '<': signed/unsigned mismatch
c:\users\hp\desktop\sistemski\sistemski\main.cpp(672): warning C4018: '<': signed/unsigned mismatch
c:\users\hp\desktop\sistemski\sistemski\main.cpp(704): warning C4018: '<': signed/unsigned mismatch
c:\users\hp\desktop\sistemski\sistemski\main.cpp(930): warning C4018: '<': signed/unsigned mismatch
c:\users\hp\desktop\sistemski\sistemski\main.cpp(1038): warning C4018: '<': signed/unsigned mismatch
c:\users\hp\desktop\sistemski\sistemski\main.cpp(2172): warning C4018: '<': signed/unsigned mismatch
c:\users\hp\desktop\sistemski\sistemski\main.cpp(2259): warning C4018: '<': signed/unsigned mismatch
c:\users\hp\desktop\sistemski\sistemski\main.cpp(2287): warning C4018: '<': signed/unsigned mismatch
c:\users\hp\desktop\sistemski\sistemski\main.cpp(2318): warning C4018: '<': signed/unsigned mismatch
c:\users\hp\desktop\sistemski\sistemski\main.cpp(103): warning C4715: 'decToBinary': not all control paths return a value
  sistemski.vcxproj -> C:\Users\HP\Desktop\sistemski\Debug\sistemski.exe
